mode: atomic
gitlab.com/MicahParks/workerpool/pool.go:20.87,40.37 7 14
gitlab.com/MicahParks/workerpool/pool.go:49.2,49.13 1 14
gitlab.com/MicahParks/workerpool/pool.go:40.37,47.3 2 13
gitlab.com/MicahParks/workerpool/pool.go:53.39,55.2 1 20
gitlab.com/MicahParks/workerpool/pool.go:58.99,61.9 1 14
gitlab.com/MicahParks/workerpool/pool.go:68.2,79.21 3 13
gitlab.com/MicahParks/workerpool/pool.go:101.2,101.15 1 13
gitlab.com/MicahParks/workerpool/pool.go:62.17,63.9 1 1
gitlab.com/MicahParks/workerpool/pool.go:64.10,64.10 0 13
gitlab.com/MicahParks/workerpool/pool.go:79.21,80.10 1 13
gitlab.com/MicahParks/workerpool/pool.go:89.3,89.10 1 12
gitlab.com/MicahParks/workerpool/pool.go:81.21,84.10 3 1
gitlab.com/MicahParks/workerpool/pool.go:85.11,85.11 0 12
gitlab.com/MicahParks/workerpool/pool.go:90.21,93.10 3 1
gitlab.com/MicahParks/workerpool/pool.go:94.18,96.10 2 0
gitlab.com/MicahParks/workerpool/pool.go:97.18,97.18 0 10
gitlab.com/MicahParks/workerpool/pool.go:101.15,103.3 1 1
gitlab.com/MicahParks/workerpool/pool.go:103.8,105.3 1 12
gitlab.com/MicahParks/workerpool/pool.go:110.38,119.2 3 1
gitlab.com/MicahParks/workerpool/pool.go:122.34,124.2 1 19
gitlab.com/MicahParks/workerpool/pool.go:127.22,129.2 1 4
gitlab.com/MicahParks/workerpool/pool.go:133.22,135.2 1 10
gitlab.com/MicahParks/workerpool/pool.go:139.62,140.6 1 14
gitlab.com/MicahParks/workerpool/pool.go:140.6,141.10 1 19
gitlab.com/MicahParks/workerpool/pool.go:144.25,145.13 1 5
gitlab.com/MicahParks/workerpool/pool.go:152.20,153.10 1 4
gitlab.com/MicahParks/workerpool/pool.go:145.13,147.5 1 0
gitlab.com/MicahParks/workerpool/pool.go:147.10,149.5 1 5
gitlab.com/MicahParks/workerpool/pool.go:160.38,163.15 1 11
gitlab.com/MicahParks/workerpool/pool.go:170.2,170.9 1 11
gitlab.com/MicahParks/workerpool/pool.go:177.2,180.12 2 8
gitlab.com/MicahParks/workerpool/pool.go:186.2,186.9 1 8
gitlab.com/MicahParks/workerpool/pool.go:163.15,164.15 1 11
gitlab.com/MicahParks/workerpool/pool.go:164.15,166.4 1 1
gitlab.com/MicahParks/workerpool/pool.go:171.17,172.9 1 3
gitlab.com/MicahParks/workerpool/pool.go:173.10,173.10 0 8
gitlab.com/MicahParks/workerpool/pool.go:180.12,183.3 2 8
gitlab.com/MicahParks/workerpool/pool.go:187.14,187.14 0 8
gitlab.com/MicahParks/workerpool/pool.go:188.17,188.17 0 0
gitlab.com/MicahParks/workerpool/worker.go:38.30,40.20 2 12
gitlab.com/MicahParks/workerpool/worker.go:45.2,45.16 1 12
gitlab.com/MicahParks/workerpool/worker.go:40.20,44.3 3 12
gitlab.com/MicahParks/workerpool/worker.go:49.25,52.6 1 13
gitlab.com/MicahParks/workerpool/worker.go:52.6,53.10 1 21
gitlab.com/MicahParks/workerpool/worker.go:56.18,57.10 1 2
gitlab.com/MicahParks/workerpool/worker.go:60.23,69.13 3 10
gitlab.com/MicahParks/workerpool/worker.go:69.13,71.5 1 2
gitlab.com/MicahParks/workerpool/worker.go:78.47,81.9 1 10
gitlab.com/MicahParks/workerpool/worker.go:88.2,88.9 1 10
gitlab.com/MicahParks/workerpool/worker.go:96.2,108.9 5 10
gitlab.com/MicahParks/workerpool/worker.go:129.2,129.14 1 10
gitlab.com/MicahParks/workerpool/worker.go:82.17,83.14 1 0
gitlab.com/MicahParks/workerpool/worker.go:84.10,84.10 0 10
gitlab.com/MicahParks/workerpool/worker.go:89.23,91.15 2 0
gitlab.com/MicahParks/workerpool/worker.go:92.10,92.10 0 10
gitlab.com/MicahParks/workerpool/worker.go:111.23,113.18 2 2
gitlab.com/MicahParks/workerpool/worker.go:117.3,117.21 1 2
gitlab.com/MicahParks/workerpool/worker.go:120.17,123.15 1 2
gitlab.com/MicahParks/workerpool/worker.go:126.18,126.18 0 6
gitlab.com/MicahParks/workerpool/worker.go:113.18,116.4 2 2
gitlab.com/MicahParks/workerpool/worker.go:133.100,134.40 1 10
gitlab.com/MicahParks/workerpool/worker.go:147.2,147.17 1 8
gitlab.com/MicahParks/workerpool/worker.go:134.40,139.199 2 3
gitlab.com/MicahParks/workerpool/worker.go:143.3,143.21 1 2
gitlab.com/MicahParks/workerpool/worker.go:139.199,142.4 2 2
