mode: atomic
gitlab.com/MicahParks/ctxerrgroup/group.go:20.96,40.37 7 14
gitlab.com/MicahParks/ctxerrgroup/group.go:49.2,49.14 1 14
gitlab.com/MicahParks/ctxerrgroup/group.go:40.37,47.3 2 13
gitlab.com/MicahParks/ctxerrgroup/group.go:53.40,55.2 1 20
gitlab.com/MicahParks/ctxerrgroup/group.go:60.102,63.14 1 14
gitlab.com/MicahParks/ctxerrgroup/group.go:68.2,79.14 3 13
gitlab.com/MicahParks/ctxerrgroup/group.go:63.14,65.3 1 1
gitlab.com/MicahParks/ctxerrgroup/group.go:79.14,81.3 1 1
gitlab.com/MicahParks/ctxerrgroup/group.go:81.8,83.3 1 12
gitlab.com/MicahParks/ctxerrgroup/group.go:87.28,89.2 1 30
gitlab.com/MicahParks/ctxerrgroup/group.go:93.39,102.2 3 1
gitlab.com/MicahParks/ctxerrgroup/group.go:105.23,107.2 1 4
gitlab.com/MicahParks/ctxerrgroup/group.go:111.23,113.2 1 10
gitlab.com/MicahParks/ctxerrgroup/group.go:118.63,119.6 1 14
gitlab.com/MicahParks/ctxerrgroup/group.go:119.6,120.10 1 19
gitlab.com/MicahParks/ctxerrgroup/group.go:123.20,124.10 1 4
gitlab.com/MicahParks/ctxerrgroup/group.go:127.27,130.16 1 5
gitlab.com/MicahParks/ctxerrgroup/group.go:135.4,135.13 1 5
gitlab.com/MicahParks/ctxerrgroup/group.go:130.16,132.5 1 0
gitlab.com/MicahParks/ctxerrgroup/group.go:135.13,137.5 1 0
gitlab.com/MicahParks/ctxerrgroup/group.go:137.10,139.5 1 5
gitlab.com/MicahParks/ctxerrgroup/group.go:146.39,149.15 1 11
gitlab.com/MicahParks/ctxerrgroup/group.go:156.2,156.14 1 11
gitlab.com/MicahParks/ctxerrgroup/group.go:161.2,164.12 2 8
gitlab.com/MicahParks/ctxerrgroup/group.go:170.2,170.9 1 8
gitlab.com/MicahParks/ctxerrgroup/group.go:149.15,150.15 1 11
gitlab.com/MicahParks/ctxerrgroup/group.go:150.15,152.4 1 1
gitlab.com/MicahParks/ctxerrgroup/group.go:156.14,158.3 1 3
gitlab.com/MicahParks/ctxerrgroup/group.go:164.12,167.3 2 8
gitlab.com/MicahParks/ctxerrgroup/group.go:171.14,171.14 0 8
gitlab.com/MicahParks/ctxerrgroup/group.go:172.17,172.17 0 0
gitlab.com/MicahParks/ctxerrgroup/group.go:177.66,180.42 1 13
gitlab.com/MicahParks/ctxerrgroup/group.go:187.2,187.9 1 12
gitlab.com/MicahParks/ctxerrgroup/group.go:180.42,184.3 3 1
gitlab.com/MicahParks/ctxerrgroup/group.go:188.20,191.9 3 1
gitlab.com/MicahParks/ctxerrgroup/group.go:192.17,194.9 2 0
gitlab.com/MicahParks/ctxerrgroup/group.go:195.20,195.20 0 10
gitlab.com/MicahParks/ctxerrgroup/utils.go:8.39,9.9 1 50
gitlab.com/MicahParks/ctxerrgroup/utils.go:10.15,11.14 1 7
gitlab.com/MicahParks/ctxerrgroup/utils.go:12.10,13.15 1 43
gitlab.com/MicahParks/ctxerrgroup/utils.go:18.41,19.9 1 22
gitlab.com/MicahParks/ctxerrgroup/utils.go:20.20,21.19 1 1
gitlab.com/MicahParks/ctxerrgroup/utils.go:22.10,23.13 1 21
gitlab.com/MicahParks/ctxerrgroup/utils.go:29.34,31.23 2 12
gitlab.com/MicahParks/ctxerrgroup/utils.go:36.2,36.19 1 12
gitlab.com/MicahParks/ctxerrgroup/utils.go:31.23,35.3 3 12
gitlab.com/MicahParks/ctxerrgroup/worker.go:37.25,40.6 1 13
gitlab.com/MicahParks/ctxerrgroup/worker.go:40.6,41.10 1 21
gitlab.com/MicahParks/ctxerrgroup/worker.go:44.18,45.10 1 2
gitlab.com/MicahParks/ctxerrgroup/worker.go:48.23,57.21 3 10
gitlab.com/MicahParks/ctxerrgroup/worker.go:57.21,59.5 1 2
gitlab.com/MicahParks/ctxerrgroup/worker.go:66.37,69.19 1 10
gitlab.com/MicahParks/ctxerrgroup/worker.go:74.2,74.42 1 9
gitlab.com/MicahParks/ctxerrgroup/worker.go:80.2,92.9 5 9
gitlab.com/MicahParks/ctxerrgroup/worker.go:110.2,110.8 1 9
gitlab.com/MicahParks/ctxerrgroup/worker.go:69.19,71.3 1 1
gitlab.com/MicahParks/ctxerrgroup/worker.go:74.42,77.3 2 0
gitlab.com/MicahParks/ctxerrgroup/worker.go:95.25,97.18 2 2
gitlab.com/MicahParks/ctxerrgroup/worker.go:101.3,101.21 1 2
gitlab.com/MicahParks/ctxerrgroup/worker.go:104.17,104.17 0 1
gitlab.com/MicahParks/ctxerrgroup/worker.go:107.18,107.18 0 6
gitlab.com/MicahParks/ctxerrgroup/worker.go:97.18,100.4 2 2
gitlab.com/MicahParks/ctxerrgroup/worker.go:114.103,115.44 1 9
gitlab.com/MicahParks/ctxerrgroup/worker.go:128.2,128.17 1 8
gitlab.com/MicahParks/ctxerrgroup/worker.go:115.44,120.199 2 2
gitlab.com/MicahParks/ctxerrgroup/worker.go:124.3,124.21 1 2
gitlab.com/MicahParks/ctxerrgroup/worker.go:120.199,123.4 2 1
