mode: atomic
github.com/MicahParks/ctxerrpool/utils.go:8.39,9.9 1 49
github.com/MicahParks/ctxerrpool/utils.go:10.15,11.14 1 7
github.com/MicahParks/ctxerrpool/utils.go:12.10,13.15 1 42
github.com/MicahParks/ctxerrpool/utils.go:18.41,19.9 1 21
github.com/MicahParks/ctxerrpool/utils.go:20.20,21.19 1 1
github.com/MicahParks/ctxerrpool/utils.go:22.10,23.13 1 20
github.com/MicahParks/ctxerrpool/utils.go:29.34,31.23 2 12
github.com/MicahParks/ctxerrpool/utils.go:36.2,36.19 1 12
github.com/MicahParks/ctxerrpool/utils.go:31.23,35.3 3 12
github.com/MicahParks/ctxerrpool/worker.go:37.25,40.6 1 13
github.com/MicahParks/ctxerrpool/worker.go:40.6,41.10 1 21
github.com/MicahParks/ctxerrpool/worker.go:44.18,45.10 1 2
github.com/MicahParks/ctxerrpool/worker.go:48.23,57.21 3 10
github.com/MicahParks/ctxerrpool/worker.go:57.21,59.5 1 2
github.com/MicahParks/ctxerrpool/worker.go:66.37,69.19 1 10
github.com/MicahParks/ctxerrpool/worker.go:74.2,74.42 1 9
github.com/MicahParks/ctxerrpool/worker.go:80.2,92.9 5 9
github.com/MicahParks/ctxerrpool/worker.go:110.2,110.8 1 9
github.com/MicahParks/ctxerrpool/worker.go:69.19,71.3 1 1
github.com/MicahParks/ctxerrpool/worker.go:74.42,77.3 2 0
github.com/MicahParks/ctxerrpool/worker.go:95.25,97.18 2 2
github.com/MicahParks/ctxerrpool/worker.go:101.3,101.21 1 2
github.com/MicahParks/ctxerrpool/worker.go:104.17,104.17 0 1
github.com/MicahParks/ctxerrpool/worker.go:107.18,107.18 0 6
github.com/MicahParks/ctxerrpool/worker.go:97.18,100.4 2 2
github.com/MicahParks/ctxerrpool/worker.go:114.103,115.44 1 9
github.com/MicahParks/ctxerrpool/worker.go:128.2,128.17 1 8
github.com/MicahParks/ctxerrpool/worker.go:115.44,120.199 2 2
github.com/MicahParks/ctxerrpool/worker.go:124.3,124.21 1 2
github.com/MicahParks/ctxerrpool/worker.go:120.199,123.4 2 1
github.com/MicahParks/ctxerrpool/pool.go:20.57,40.37 7 13
github.com/MicahParks/ctxerrpool/pool.go:49.2,49.14 1 13
github.com/MicahParks/ctxerrpool/pool.go:40.37,47.3 2 13
github.com/MicahParks/ctxerrpool/pool.go:53.40,55.2 1 19
github.com/MicahParks/ctxerrpool/pool.go:60.87,63.14 1 13
github.com/MicahParks/ctxerrpool/pool.go:68.2,79.27 3 12
github.com/MicahParks/ctxerrpool/pool.go:63.14,65.3 1 1
github.com/MicahParks/ctxerrpool/pool.go:83.28,85.2 1 29
github.com/MicahParks/ctxerrpool/pool.go:89.39,98.2 3 1
github.com/MicahParks/ctxerrpool/pool.go:101.23,103.2 1 4
github.com/MicahParks/ctxerrpool/pool.go:107.23,109.2 1 10
github.com/MicahParks/ctxerrpool/pool.go:114.51,115.6 1 13
github.com/MicahParks/ctxerrpool/pool.go:115.6,116.10 1 18
github.com/MicahParks/ctxerrpool/pool.go:119.20,120.10 1 4
github.com/MicahParks/ctxerrpool/pool.go:123.27,126.16 1 5
github.com/MicahParks/ctxerrpool/pool.go:131.4,131.22 1 5
github.com/MicahParks/ctxerrpool/pool.go:126.16,128.5 1 0
github.com/MicahParks/ctxerrpool/pool.go:138.39,141.15 1 11
github.com/MicahParks/ctxerrpool/pool.go:148.2,148.14 1 11
github.com/MicahParks/ctxerrpool/pool.go:153.2,156.12 2 8
github.com/MicahParks/ctxerrpool/pool.go:162.2,162.9 1 8
github.com/MicahParks/ctxerrpool/pool.go:141.15,142.15 1 11
github.com/MicahParks/ctxerrpool/pool.go:142.15,144.4 1 1
github.com/MicahParks/ctxerrpool/pool.go:148.14,150.3 1 3
github.com/MicahParks/ctxerrpool/pool.go:156.12,159.3 2 8
github.com/MicahParks/ctxerrpool/pool.go:163.14,163.14 0 8
github.com/MicahParks/ctxerrpool/pool.go:164.17,164.17 0 0
github.com/MicahParks/ctxerrpool/pool.go:169.66,172.42 1 12
github.com/MicahParks/ctxerrpool/pool.go:179.2,179.9 1 11
github.com/MicahParks/ctxerrpool/pool.go:172.42,176.3 3 1
github.com/MicahParks/ctxerrpool/pool.go:180.20,183.9 3 1
github.com/MicahParks/ctxerrpool/pool.go:184.17,186.9 2 0
github.com/MicahParks/ctxerrpool/pool.go:187.20,187.20 0 10
